# JRE version: OpenJDK Runtime Environment (8.0_242) (build 1.8.0_242-release-1644-b3-6915495)
# Java VM: OpenJDK 64-Bit Server VM (25.242-b3-6915495 mixed mode bsd-amd64 compressed oops)
Heap:
 PSYoungGen      total 624640K, used 24616K [0x0000000795580000, 0x00000007c0000000, 0x00000007c0000000)
  eden space 562688K, 0% used [0x0000000795580000,0x0000000795580000,0x00000007b7b00000)
  from space 61952K, 39% used [0x00000007b7b00000,0x00000007b930a220,0x00000007bb780000)
  to   space 59904K, 0% used [0x00000007bc580000,0x00000007bc580000,0x00000007c0000000)
 ParOldGen       total 465920K, used 435376K [0x0000000740000000, 0x000000075c700000, 0x0000000795580000)
  object space 465920K, 93% used [0x0000000740000000,0x000000075a92c2a0,0x000000075c700000)
 Metaspace       used 178668K, capacity 188696K, committed 188888K, reserved 1212416K
  class space    used 23062K, capacity 25065K, committed 25088K, reserved 1048576K
GC Heap History (10 events):
Event: 1049.528 GC heap after
Heap after GC invocations=90 (full 7):
 PSYoungGen      total 609280K, used 4544K [0x0000000795580000, 0x00000007bfb80000, 0x00000007c0000000)
  eden space 530432K, 0% used [0x0000000795580000,0x0000000795580000,0x00000007b5b80000)
  from space 78848K, 5% used [0x00000007b5b80000,0x00000007b5ff0000,0x00000007ba880000)
  to   space 75264K, 0% used [0x00000007bb200000,0x00000007bb200000,0x00000007bfb80000)
 ParOldGen       total 465920K, used 399729K [0x0000000740000000, 0x000000075c700000, 0x0000000795580000)
  object space 465920K, 85% used [0x0000000740000000,0x000000075865c758,0x000000075c700000)
 Metaspace       used 178659K, capacity 188696K, committed 188888K, reserved 1212416K
  class space    used 23061K, capacity 25065K, committed 25088K, reserved 1048576K
}
Event: 1050.599 GC heap before
{Heap before GC invocations=91 (full 7):
 PSYoungGen      total 609280K, used 534976K [0x0000000795580000, 0x00000007bfb80000, 0x00000007c0000000)
  eden space 530432K, 100% used [0x0000000795580000,0x00000007b5b80000,0x00000007b5b80000)
  from space 78848K, 5% used [0x00000007b5b80000,0x00000007b5ff0000,0x00000007ba880000)
  to   space 75264K, 0% used [0x00000007bb200000,0x00000007bb200000,0x00000007bfb80000)
 ParOldGen       total 465920K, used 399729K [0x0000000740000000, 0x000000075c700000, 0x0000000795580000)
  object space 465920K, 85% used [0x0000000740000000,0x000000075865c758,0x000000075c700000)
 Metaspace       used 178660K, capacity 188696K, committed 188888K, reserved 1212416K
  class space    used 23061K, capacity 25065K, committed 25088K, reserved 1048576K
Event: 1050.635 GC heap after
Heap after GC invocations=91 (full 7):
 PSYoungGen      total 610816K, used 15651K [0x0000000795580000, 0x00000007bf280000, 0x00000007c0000000)
  eden space 544768K, 0% used [0x0000000795580000,0x0000000795580000,0x00000007b6980000)
  from space 66048K, 23% used [0x00000007bb200000,0x00000007bc148e50,0x00000007bf280000)
  to   space 70144K, 0% used [0x00000007b6980000,0x00000007b6980000,0x00000007bae00000)
 ParOldGen       total 465920K, used 403315K [0x0000000740000000, 0x000000075c700000, 0x0000000795580000)
  object space 465920K, 86% used [0x0000000740000000,0x00000007589dcf10,0x000000075c700000)
 Metaspace       used 178660K, capacity 188696K, committed 188888K, reserved 1212416K
  class space    used 23061K, capacity 25065K, committed 25088K, reserved 1048576K
}
Event: 1052.022 GC heap before
{Heap before GC invocations=92 (full 7):
 PSYoungGen      total 610816K, used 560419K [0x0000000795580000, 0x00000007bf280000, 0x00000007c0000000)
  eden space 544768K, 100% used [0x0000000795580000,0x00000007b6980000,0x00000007b6980000)
  from space 66048K, 23% used [0x00000007bb200000,0x00000007bc148e50,0x00000007bf280000)
  to   space 70144K, 0% used [0x00000007b6980000,0x00000007b6980000,0x00000007bae00000)
 ParOldGen       total 465920K, used 403315K [0x0000000740000000, 0x000000075c700000, 0x0000000795580000)
  object space 465920K, 86% used [0x0000000740000000,0x00000007589dcf10,0x000000075c700000)
 Metaspace       used 178667K, capacity 188696K, committed 188888K, reserved 1212416K
  class space    used 23062K, capacity 25065K, committed 25088K, reserved 1048576K
Event: 1052.083 GC heap after
Heap after GC invocations=92 (full 7):
 PSYoungGen      total 614912K, used 12352K [0x0000000795580000, 0x00000007bfc00000, 0x00000007c0000000)
  eden space 544768K, 0% used [0x0000000795580000,0x0000000795580000,0x00000007b6980000)
  from space 70144K, 17% used [0x00000007b6980000,0x00000007b75902a8,0x00000007bae00000)
  to   space 66048K, 0% used [0x00000007bbb80000,0x00000007bbb80000,0x00000007bfc00000)
 ParOldGen       total 465920K, used 414373K [0x0000000740000000, 0x000000075c700000, 0x0000000795580000)
  object space 465920K, 88% used [0x0000000740000000,0x00000007594a9720,0x000000075c700000)
 Metaspace       used 178667K, capacity 188696K, committed 188888K, reserved 1212416K
  class space    used 23062K, capacity 25065K, committed 25088K, reserved 1048576K
}
Event: 1053.335 GC heap before
{Heap before GC invocations=93 (full 7):
 PSYoungGen      total 614912K, used 557120K [0x0000000795580000, 0x00000007bfc00000, 0x00000007c0000000)
  eden space 544768K, 100% used [0x0000000795580000,0x00000007b6980000,0x00000007b6980000)
  from space 70144K, 17% used [0x00000007b6980000,0x00000007b75902a8,0x00000007bae00000)
  to   space 66048K, 0% used [0x00000007bbb80000,0x00000007bbb80000,0x00000007bfc00000)
 ParOldGen       total 465920K, used 414373K [0x0000000740000000, 0x000000075c700000, 0x0000000795580000)
  object space 465920K, 88% used [0x0000000740000000,0x00000007594a9720,0x000000075c700000)
 Metaspace       used 178668K, capacity 188696K, committed 188888K, reserved 1212416K
  class space    used 23062K, capacity 25065K, committed 25088K, reserved 1048576K
Event: 1053.402 GC heap after
Heap after GC invocations=93 (full 7):
 PSYoungGen      total 620544K, used 14895K [0x0000000795580000, 0x00000007bf400000, 0x00000007c0000000)
  eden space 562688K, 0% used [0x0000000795580000,0x0000000795580000,0x00000007b7b00000)
  from space 57856K, 25% used [0x00000007bbb80000,0x00000007bca0bea0,0x00000007bf400000)
  to   space 61952K, 0% used [0x00000007b7b00000,0x00000007b7b00000,0x00000007bb780000)
 ParOldGen       total 465920K, used 423333K [0x0000000740000000, 0x000000075c700000, 0x0000000795580000)
  object space 465920K, 90% used [0x0000000740000000,0x0000000759d69418,0x000000075c700000)
 Metaspace       used 178668K, capacity 188696K, committed 188888K, reserved 1212416K
  class space    used 23062K, capacity 25065K, committed 25088K, reserved 1048576K
}
Event: 1054.697 GC heap before
{Heap before GC invocations=94 (full 7):
 PSYoungGen      total 620544K, used 577583K [0x0000000795580000, 0x00000007bf400000, 0x00000007c0000000)
  eden space 562688K, 100% used [0x0000000795580000,0x00000007b7b00000,0x00000007b7b00000)
  from space 57856K, 25% used [0x00000007bbb80000,0x00000007bca0bea0,0x00000007bf400000)
  to   space 61952K, 0% used [0x00000007b7b00000,0x00000007b7b00000,0x00000007bb780000)
 ParOldGen       total 465920K, used 423333K [0x0000000740000000, 0x000000075c700000, 0x0000000795580000)
  object space 465920K, 90% used [0x0000000740000000,0x0000000759d69418,0x000000075c700000)
 Metaspace       used 178668K, capacity 188696K, committed 188888K, reserved 1212416K
  class space    used 23062K, capacity 25065K, committed 25088K, reserved 1048576K
Event: 1054.774 GC heap after
Heap after GC invocations=94 (full 7):
 PSYoungGen      total 624640K, used 24616K [0x0000000795580000, 0x00000007c0000000, 0x00000007c0000000)
  eden space 562688K, 0% used [0x0000000795580000,0x0000000795580000,0x00000007b7b00000)
  from space 61952K, 39% used [0x00000007b7b00000,0x00000007b930a220,0x00000007bb780000)
  to   space 59904K, 0% used [0x00000007bc580000,0x00000007bc580000,0x00000007c0000000)
 ParOldGen       total 465920K, used 435376K [0x0000000740000000, 0x000000075c700000, 0x0000000795580000)
  object space 465920K, 93% used [0x0000000740000000,0x000000075a92c2a0,0x000000075c700000)
 Metaspace       used 178668K, capacity 188696K, committed 188888K, reserved 1212416K
  class space    used 23062K, capacity 25065K, committed 25088K, reserved 1048576K
}
Event: 1054.774 GC heap before
{Heap before GC invocations=95 (full 8):
 PSYoungGen      total 624640K, used 24616K [0x0000000795580000, 0x00000007c0000000, 0x00000007c0000000)
  eden space 562688K, 0% used [0x0000000795580000,0x0000000795580000,0x00000007b7b00000)
  from space 61952K, 39% used [0x00000007b7b00000,0x00000007b930a220,0x00000007bb780000)
  to   space 59904K, 0% used [0x00000007bc580000,0x00000007bc580000,0x00000007c0000000)
 ParOldGen       total 465920K, used 435376K [0x0000000740000000, 0x000000075c700000, 0x0000000795580000)
  object space 465920K, 93% used [0x0000000740000000,0x000000075a92c2a0,0x000000075c700000)
 Metaspace       used 178668K, capacity 188696K, committed 188888K, reserved 1212416K
  class space    used 23062K, capacity 25065K, committed 25088K, reserved 1048576K

